# JRE version: Java(TM) SE Runtime Environment (8.0_161-b12) (build 1.8.0_161-b12)
# Java VM: Java HotSpot(TM) 64-Bit Server VM (25.161-b12 mixed mode windows-amd64 compressed oops)
Heap:
 PSYoungGen      total 271872K, used 42825K [0x00000000e0000000, 0x00000000f3b80000, 0x0000000100000000)
  eden space 241152K, 12% used [0x00000000e0000000,0x00000000e1ce7348,0x00000000eeb80000)
  from space 30720K, 43% used [0x00000000f0800000,0x00000000f14eb470,0x00000000f2600000)
  to   space 29184K, 0% used [0x00000000eeb80000,0x00000000eeb80000,0x00000000f0800000)
 ParOldGen       total 90112K, used 53961K [0x00000000a0000000, 0x00000000a5800000, 0x00000000e0000000)
  object space 90112K, 59% used [0x00000000a0000000,0x00000000a34b2458,0x00000000a5800000)
 Metaspace       used 65764K, capacity 68546K, committed 68608K, reserved 1107968K
  class space    used 8744K, capacity 9441K, committed 9472K, reserved 1048576K
GC Heap History (10 events):
Event: 328.471 GC heap before
{Heap before GC invocations=20 (full 3):
 PSYoungGen      total 226816K, used 225504K [0x00000000e0000000, 0x00000000efb00000, 0x0000000100000000)
  eden space 214016K, 100% used [0x00000000e0000000,0x00000000ed100000,0x00000000ed100000)
  from space 12800K, 89% used [0x00000000eee80000,0x00000000ef9b8000,0x00000000efb00000)
  to   space 21504K, 0% used [0x00000000ed100000,0x00000000ed100000,0x00000000ee600000)
 ParOldGen       total 90112K, used 40705K [0x00000000a0000000, 0x00000000a5800000, 0x00000000e0000000)
  object space 90112K, 45% used [0x00000000a0000000,0x00000000a27c06e8,0x00000000a5800000)
 Metaspace       used 59782K, capacity 62408K, committed 62464K, reserved 1103872K
  class space    used 8068K, capacity 8702K, committed 8704K, reserved 1048576K
Event: 328.493 GC heap after
Heap after GC invocations=20 (full 3):
 PSYoungGen      total 235520K, used 21494K [0x00000000e0000000, 0x00000000f2400000, 0x0000000100000000)
  eden space 214016K, 0% used [0x00000000e0000000,0x00000000e0000000,0x00000000ed100000)
  from space 21504K, 99% used [0x00000000ed100000,0x00000000ee5fdad8,0x00000000ee600000)
  to   space 24576K, 0% used [0x00000000f0c00000,0x00000000f0c00000,0x00000000f2400000)
 ParOldGen       total 90112K, used 41327K [0x00000000a0000000, 0x00000000a5800000, 0x00000000e0000000)
  object space 90112K, 45% used [0x00000000a0000000,0x00000000a285bf68,0x00000000a5800000)
 Metaspace       used 59782K, capacity 62408K, committed 62464K, reserved 1103872K
  class space    used 8068K, capacity 8702K, committed 8704K, reserved 1048576K
}
Event: 331.745 GC heap before
{Heap before GC invocations=21 (full 3):
 PSYoungGen      total 235520K, used 235510K [0x00000000e0000000, 0x00000000f2400000, 0x0000000100000000)
  eden space 214016K, 100% used [0x00000000e0000000,0x00000000ed100000,0x00000000ed100000)
  from space 21504K, 99% used [0x00000000ed100000,0x00000000ee5fdad8,0x00000000ee600000)
  to   space 24576K, 0% used [0x00000000f0c00000,0x00000000f0c00000,0x00000000f2400000)
 ParOldGen       total 90112K, used 41327K [0x00000000a0000000, 0x00000000a5800000, 0x00000000e0000000)
  object space 90112K, 45% used [0x00000000a0000000,0x00000000a285bf68,0x00000000a5800000)
 Metaspace       used 65250K, capacity 67896K, committed 68096K, reserved 1107968K
  class space    used 8719K, capacity 9380K, committed 9472K, reserved 1048576K
Event: 331.782 GC heap after
Heap after GC invocations=21 (full 3):
 PSYoungGen      total 264192K, used 24572K [0x00000000e0000000, 0x00000000f2900000, 0x0000000100000000)
  eden space 239616K, 0% used [0x00000000e0000000,0x00000000e0000000,0x00000000eea00000)
  from space 24576K, 99% used [0x00000000f0c00000,0x00000000f23ff1b8,0x00000000f2400000)
  to   space 32256K, 0% used [0x00000000eea00000,0x00000000eea00000,0x00000000f0980000)
 ParOldGen       total 90112K, used 53028K [0x00000000a0000000, 0x00000000a5800000, 0x00000000e0000000)
  object space 90112K, 58% used [0x00000000a0000000,0x00000000a33c9290,0x00000000a5800000)
 Metaspace       used 65250K, capacity 67896K, committed 68096K, reserved 1107968K
  class space    used 8719K, capacity 9380K, committed 9472K, reserved 1048576K
}
Event: 332.481 GC heap before
{Heap before GC invocations=22 (full 3):
 PSYoungGen      total 264192K, used 85157K [0x00000000e0000000, 0x00000000f2900000, 0x0000000100000000)
  eden space 239616K, 25% used [0x00000000e0000000,0x00000000e3b2a3b0,0x00000000eea00000)
  from space 24576K, 99% used [0x00000000f0c00000,0x00000000f23ff1b8,0x00000000f2400000)
  to   space 32256K, 0% used [0x00000000eea00000,0x00000000eea00000,0x00000000f0980000)
 ParOldGen       total 90112K, used 53028K [0x00000000a0000000, 0x00000000a5800000, 0x00000000e0000000)
  object space 90112K, 58% used [0x00000000a0000000,0x00000000a33c9290,0x00000000a5800000)
 Metaspace       used 65350K, capacity 68060K, committed 68352K, reserved 1107968K
  class space    used 8724K, capacity 9386K, committed 9472K, reserved 1048576K
Event: 332.496 GC heap after
Heap after GC invocations=22 (full 3):
 PSYoungGen      total 253952K, used 13952K [0x00000000e0000000, 0x00000000f2600000, 0x0000000100000000)
  eden space 239616K, 0% used [0x00000000e0000000,0x00000000e0000000,0x00000000eea00000)
  from space 14336K, 97% used [0x00000000eea00000,0x00000000ef7a0238,0x00000000ef800000)
  to   space 30720K, 0% used [0x00000000f0800000,0x00000000f0800000,0x00000000f2600000)
 ParOldGen       total 90112K, used 53036K [0x00000000a0000000, 0x00000000a5800000, 0x00000000e0000000)
  object space 90112K, 58% used [0x00000000a0000000,0x00000000a33cb290,0x00000000a5800000)
 Metaspace       used 65350K, capacity 68060K, committed 68352K, reserved 1107968K
  class space    used 8724K, capacity 9386K, committed 9472K, reserved 1048576K
}
Event: 332.496 GC heap before
{Heap before GC invocations=23 (full 4):
 PSYoungGen      total 253952K, used 13952K [0x00000000e0000000, 0x00000000f2600000, 0x0000000100000000)
  eden space 239616K, 0% used [0x00000000e0000000,0x00000000e0000000,0x00000000eea00000)
  from space 14336K, 97% used [0x00000000eea00000,0x00000000ef7a0238,0x00000000ef800000)
  to   space 30720K, 0% used [0x00000000f0800000,0x00000000f0800000,0x00000000f2600000)
 ParOldGen       total 90112K, used 53036K [0x00000000a0000000, 0x00000000a5800000, 0x00000000e0000000)
  object space 90112K, 58% used [0x00000000a0000000,0x00000000a33cb290,0x00000000a5800000)
 Metaspace       used 65350K, capacity 68060K, committed 68352K, reserved 1107968K
  class space    used 8724K, capacity 9386K, committed 9472K, reserved 1048576K
Event: 332.855 GC heap after
Heap after GC invocations=23 (full 4):
 PSYoungGen      total 253952K, used 0K [0x00000000e0000000, 0x00000000f2600000, 0x0000000100000000)
  eden space 239616K, 0% used [0x00000000e0000000,0x00000000e0000000,0x00000000eea00000)
  from space 14336K, 0% used [0x00000000eea00000,0x00000000eea00000,0x00000000ef800000)
  to   space 30720K, 0% used [0x00000000f0800000,0x00000000f0800000,0x00000000f2600000)
 ParOldGen       total 90112K, used 53953K [0x00000000a0000000, 0x00000000a5800000, 0x00000000e0000000)
  object space 90112K, 59% used [0x00000000a0000000,0x00000000a34b0458,0x00000000a5800000)
 Metaspace       used 65332K, capacity 68014K, committed 68352K, reserved 1107968K
  class space    used 8718K, capacity 9375K, committed 9472K, reserved 1048576K
}
Event: 338.516 GC heap before
{Heap before GC invocations=24 (full 4):
 PSYoungGen      total 253952K, used 239616K [0x00000000e0000000, 0x00000000f2600000, 0x0000000100000000)
  eden space 239616K, 100% used [0x00000000e0000000,0x00000000eea00000,0x00000000eea00000)
  from space 14336K, 0% used [0x00000000eea00000,0x00000000eea00000,0x00000000ef800000)
  to   space 30720K, 0% used [0x00000000f0800000,0x00000000f0800000,0x00000000f2600000)
 ParOldGen       total 90112K, used 53953K [0x00000000a0000000, 0x00000000a5800000, 0x00000000e0000000)
  object space 90112K, 59% used [0x00000000a0000000,0x00000000a34b0458,0x00000000a5800000)
 Metaspace       used 65745K, capacity 68546K, committed 68608K, reserved 1107968K
  class space    used 8744K, capacity 9441K, committed 9472K, reserved 1048576K
Event: 338.536 GC heap after
Heap after GC invocations=24 (full 4):
 PSYoungGen      total 271872K, used 13229K [0x00000000e0000000, 0x00000000f3b80000, 0x0000000100000000)
  eden space 241152K, 0% used [0x00000000e0000000,0x00000000e0000000,0x00000000eeb80000)
  from space 30720K, 43% used [0x00000000f0800000,0x00000000f14eb470,0x00000000f2600000)
  to   space 29184K, 0% used [0x00000000eeb80000,0x00000000eeb80000,0x00000000f0800000)
 ParOldGen       total 90112K, used 53961K [0x00000000a0000000, 0x00000000a5800000, 0x00000000e0000000)
  object space 90112K, 59% used [0x00000000a0000000,0x00000000a34b2458,0x00000000a5800000)
 Metaspace       used 65745K, capacity 68546K, committed 68608K, reserved 1107968K
  class space    used 8744K, capacity 9441K, committed 9472K, reserved 1048576K
}

