# JRE version: Java(TM) SE Runtime Environment (8.0_161-b12) (build 1.8.0_161-b12)
# Java VM: Java HotSpot(TM) 64-Bit Server VM (25.161-b12 mixed mode windows-amd64 compressed oops)
Heap:
 PSYoungGen      total 272896K, used 154432K [0x00000000e0000000, 0x00000000f3400000, 0x0000000100000000)
  eden space 245248K, 56% used [0x00000000e0000000,0x00000000e865bc20,0x00000000eef80000)
  from space 27648K, 60% used [0x00000000eef80000,0x00000000efff47b0,0x00000000f0a80000)
  to   space 27648K, 0% used [0x00000000f1900000,0x00000000f1900000,0x00000000f3400000)
 ParOldGen       total 153600K, used 52734K [0x00000000a0000000, 0x00000000a9600000, 0x00000000e0000000)
  object space 153600K, 34% used [0x00000000a0000000,0x00000000a337fb00,0x00000000a9600000)
 Metaspace       used 69373K, capacity 73496K, committed 73600K, reserved 1112064K
  class space    used 9227K, capacity 10313K, committed 10368K, reserved 1048576K
GC Heap History (10 events):
Event: 59.519 GC heap before
{Heap before GC invocations=21 (full 4):
 PSYoungGen      total 235520K, used 235518K [0x00000000e0000000, 0x00000000f1200000, 0x0000000100000000)
  eden space 211968K, 100% used [0x00000000e0000000,0x00000000ecf00000,0x00000000ecf00000)
  from space 23552K, 99% used [0x00000000eec80000,0x00000000f037fb38,0x00000000f0380000)
  to   space 30208K, 0% used [0x00000000ecf00000,0x00000000ecf00000,0x00000000eec80000)
 ParOldGen       total 153600K, used 52702K [0x00000000a0000000, 0x00000000a9600000, 0x00000000e0000000)
  object space 153600K, 34% used [0x00000000a0000000,0x00000000a3377b00,0x00000000a9600000)
 Metaspace       used 65386K, capacity 68038K, committed 68352K, reserved 1107968K
  class space    used 8742K, capacity 9387K, committed 9472K, reserved 1048576K
Event: 59.538 GC heap after
Heap after GC invocations=21 (full 4):
 PSYoungGen      total 242176K, used 11481K [0x00000000e0000000, 0x00000000f2200000, 0x0000000100000000)
  eden space 211968K, 0% used [0x00000000e0000000,0x00000000e0000000,0x00000000ecf00000)
  from space 30208K, 38% used [0x00000000ecf00000,0x00000000eda36568,0x00000000eec80000)
  to   space 28672K, 0% used [0x00000000f0600000,0x00000000f0600000,0x00000000f2200000)
 ParOldGen       total 153600K, used 52710K [0x00000000a0000000, 0x00000000a9600000, 0x00000000e0000000)
  object space 153600K, 34% used [0x00000000a0000000,0x00000000a3379b00,0x00000000a9600000)
 Metaspace       used 65386K, capacity 68038K, committed 68352K, reserved 1107968K
  class space    used 8742K, capacity 9387K, committed 9472K, reserved 1048576K
}
Event: 65.683 GC heap before
{Heap before GC invocations=22 (full 4):
 PSYoungGen      total 242176K, used 223449K [0x00000000e0000000, 0x00000000f2200000, 0x0000000100000000)
  eden space 211968K, 100% used [0x00000000e0000000,0x00000000ecf00000,0x00000000ecf00000)
  from space 30208K, 38% used [0x00000000ecf00000,0x00000000eda36568,0x00000000eec80000)
  to   space 28672K, 0% used [0x00000000f0600000,0x00000000f0600000,0x00000000f2200000)
 ParOldGen       total 153600K, used 52710K [0x00000000a0000000, 0x00000000a9600000, 0x00000000e0000000)
  object space 153600K, 34% used [0x00000000a0000000,0x00000000a3379b00,0x00000000a9600000)
 Metaspace       used 67103K, capacity 70422K, committed 70528K, reserved 1110016K
  class space    used 8964K, capacity 9831K, committed 9856K, reserved 1048576K
Event: 65.698 GC heap after
Heap after GC invocations=22 (full 4):
 PSYoungGen      total 242688K, used 10862K [0x00000000e0000000, 0x00000000f1400000, 0x0000000100000000)
  eden space 228352K, 0% used [0x00000000e0000000,0x00000000e0000000,0x00000000edf00000)
  from space 14336K, 75% used [0x00000000f0600000,0x00000000f109baf0,0x00000000f1400000)
  to   space 27136K, 0% used [0x00000000edf00000,0x00000000edf00000,0x00000000ef980000)
 ParOldGen       total 153600K, used 52718K [0x00000000a0000000, 0x00000000a9600000, 0x00000000e0000000)
  object space 153600K, 34% used [0x00000000a0000000,0x00000000a337bb00,0x00000000a9600000)
 Metaspace       used 67103K, capacity 70422K, committed 70528K, reserved 1110016K
  class space    used 8964K, capacity 9831K, committed 9856K, reserved 1048576K
}
Event: 69.085 GC heap before
{Heap before GC invocations=23 (full 4):
 PSYoungGen      total 242688K, used 239214K [0x00000000e0000000, 0x00000000f1400000, 0x0000000100000000)
  eden space 228352K, 100% used [0x00000000e0000000,0x00000000edf00000,0x00000000edf00000)
  from space 14336K, 75% used [0x00000000f0600000,0x00000000f109baf0,0x00000000f1400000)
  to   space 27136K, 0% used [0x00000000edf00000,0x00000000edf00000,0x00000000ef980000)
 ParOldGen       total 153600K, used 52718K [0x00000000a0000000, 0x00000000a9600000, 0x00000000e0000000)
  object space 153600K, 34% used [0x00000000a0000000,0x00000000a337bb00,0x00000000a9600000)
 Metaspace       used 67438K, capacity 70790K, committed 71040K, reserved 1110016K
  class space    used 8976K, capacity 9839K, committed 9856K, reserved 1048576K
Event: 69.118 GC heap after
Heap after GC invocations=23 (full 4):
 PSYoungGen      total 255488K, used 21884K [0x00000000e0000000, 0x00000000f2c00000, 0x0000000100000000)
  eden space 228352K, 0% used [0x00000000e0000000,0x00000000e0000000,0x00000000edf00000)
  from space 27136K, 80% used [0x00000000edf00000,0x00000000ef45f180,0x00000000ef980000)
  to   space 29184K, 0% used [0x00000000f0f80000,0x00000000f0f80000,0x00000000f2c00000)
 ParOldGen       total 153600K, used 52718K [0x00000000a0000000, 0x00000000a9600000, 0x00000000e0000000)
  object space 153600K, 34% used [0x00000000a0000000,0x00000000a337bb00,0x00000000a9600000)
 Metaspace       used 67438K, capacity 70790K, committed 71040K, reserved 1110016K
  class space    used 8976K, capacity 9839K, committed 9856K, reserved 1048576K
}
Event: 97.645 GC heap before
{Heap before GC invocations=24 (full 4):
 PSYoungGen      total 255488K, used 250236K [0x00000000e0000000, 0x00000000f2c00000, 0x0000000100000000)
  eden space 228352K, 100% used [0x00000000e0000000,0x00000000edf00000,0x00000000edf00000)
  from space 27136K, 80% used [0x00000000edf00000,0x00000000ef45f180,0x00000000ef980000)
  to   space 29184K, 0% used [0x00000000f0f80000,0x00000000f0f80000,0x00000000f2c00000)
 ParOldGen       total 153600K, used 52718K [0x00000000a0000000, 0x00000000a9600000, 0x00000000e0000000)
  object space 153600K, 34% used [0x00000000a0000000,0x00000000a337bb00,0x00000000a9600000)
 Metaspace       used 67961K, capacity 71574K, committed 71680K, reserved 1112064K
  class space    used 9038K, capacity 9957K, committed 9984K, reserved 1048576K
Event: 97.676 GC heap after
Heap after GC invocations=24 (full 4):
 PSYoungGen      total 267776K, used 12233K [0x00000000e0000000, 0x00000000f2580000, 0x0000000100000000)
  eden space 245248K, 0% used [0x00000000e0000000,0x00000000e0000000,0x00000000eef80000)
  from space 22528K, 54% used [0x00000000f0f80000,0x00000000f1b724a8,0x00000000f2580000)
  to   space 27648K, 0% used [0x00000000eef80000,0x00000000eef80000,0x00000000f0a80000)
 ParOldGen       total 153600K, used 52726K [0x00000000a0000000, 0x00000000a9600000, 0x00000000e0000000)
  object space 153600K, 34% used [0x00000000a0000000,0x00000000a337db00,0x00000000a9600000)
 Metaspace       used 67961K, capacity 71574K, committed 71680K, reserved 1112064K
  class space    used 9038K, capacity 9957K, committed 9984K, reserved 1048576K
}
Event: 143.907 GC heap before
{Heap before GC invocations=25 (full 4):
 PSYoungGen      total 267776K, used 257481K [0x00000000e0000000, 0x00000000f2580000, 0x0000000100000000)
  eden space 245248K, 100% used [0x00000000e0000000,0x00000000eef80000,0x00000000eef80000)
  from space 22528K, 54% used [0x00000000f0f80000,0x00000000f1b724a8,0x00000000f2580000)
  to   space 27648K, 0% used [0x00000000eef80000,0x00000000eef80000,0x00000000f0a80000)
 ParOldGen       total 153600K, used 52726K [0x00000000a0000000, 0x00000000a9600000, 0x00000000e0000000)
  object space 153600K, 34% used [0x00000000a0000000,0x00000000a337db00,0x00000000a9600000)
 Metaspace       used 69113K, capacity 73194K, committed 73344K, reserved 1112064K
  class space    used 9214K, capacity 10268K, committed 10368K, reserved 1048576K
Event: 143.922 GC heap after
Heap after GC invocations=25 (full 4):
 PSYoungGen      total 272896K, used 16849K [0x00000000e0000000, 0x00000000f3400000, 0x0000000100000000)
  eden space 245248K, 0% used [0x00000000e0000000,0x00000000e0000000,0x00000000eef80000)
  from space 27648K, 60% used [0x00000000eef80000,0x00000000efff47b0,0x00000000f0a80000)
  to   space 27648K, 0% used [0x00000000f1900000,0x00000000f1900000,0x00000000f3400000)
 ParOldGen       total 153600K, used 52734K [0x00000000a0000000, 0x00000000a9600000, 0x00000000e0000000)
  object space 153600K, 34% used [0x00000000a0000000,0x00000000a337fb00,0x00000000a9600000)
 Metaspace       used 69113K, capacity 73194K, committed 73344K, reserved 1112064K
  class space    used 9214K, capacity 10268K, committed 10368K, reserved 1048576K
}

